\BOOKMARK [1][-]{section*.1}{Contents}{}% 1
\BOOKMARK [1][-]{section.1}{Package hal}{}% 2
\BOOKMARK [2][-]{subsection.1.1}{Modules}{section.1}% 3
\BOOKMARK [2][-]{subsection.1.2}{Variables}{section.1}% 4
\BOOKMARK [1][-]{section.2}{Package hal.files}{}% 5
\BOOKMARK [2][-]{subsection.2.1}{Modules}{section.2}% 6
\BOOKMARK [2][-]{subsection.2.2}{Variables}{section.2}% 7
\BOOKMARK [1][-]{section.3}{Module hal.files.models}{}% 8
\BOOKMARK [2][-]{subsection.3.1}{Variables}{section.3}% 9
\BOOKMARK [2][-]{subsection.3.2}{Class FileSystem}{section.3}% 10
\BOOKMARK [3][-]{subsubsection.3.2.1}{Methods}{subsection.3.2}% 11
\BOOKMARK [3][-]{subsubsection.3.2.2}{Properties}{subsection.3.2}% 12
\BOOKMARK [2][-]{subsection.3.3}{Class Document}{section.3}% 13
\BOOKMARK [3][-]{subsubsection.3.3.1}{Methods}{subsection.3.3}% 14
\BOOKMARK [3][-]{subsubsection.3.3.2}{Properties}{subsection.3.3}% 15
\BOOKMARK [2][-]{subsection.3.4}{Class Directory}{section.3}% 16
\BOOKMARK [3][-]{subsubsection.3.4.1}{Methods}{subsection.3.4}% 17
\BOOKMARK [3][-]{subsubsection.3.4.2}{Properties}{subsection.3.4}% 18
\BOOKMARK [2][-]{subsection.3.5}{Class MP3Song}{section.3}% 19
\BOOKMARK [3][-]{subsubsection.3.5.1}{Methods}{subsection.3.5}% 20
\BOOKMARK [3][-]{subsubsection.3.5.2}{Properties}{subsection.3.5}% 21
\BOOKMARK [1][-]{section.4}{Package hal.internet}{}% 22
\BOOKMARK [2][-]{subsection.4.1}{Modules}{section.4}% 23
\BOOKMARK [2][-]{subsection.4.2}{Variables}{section.4}% 24
\BOOKMARK [1][-]{section.5}{Module hal.internet.engines}{}% 25
\BOOKMARK [2][-]{subsection.5.1}{Class SearchEngineResult}{section.5}% 26
\BOOKMARK [3][-]{subsubsection.5.1.1}{Methods}{subsection.5.1}% 27
\BOOKMARK [3][-]{subsubsection.5.1.2}{Properties}{subsection.5.1}% 28
\BOOKMARK [2][-]{subsection.5.2}{Class SearchEngine}{section.5}% 29
\BOOKMARK [3][-]{subsubsection.5.2.1}{Methods}{subsection.5.2}% 30
\BOOKMARK [3][-]{subsubsection.5.2.2}{Properties}{subsection.5.2}% 31
\BOOKMARK [1][-]{section.6}{Module hal.internet.github}{}% 32
\BOOKMARK [2][-]{subsection.6.1}{Variables}{section.6}% 33
\BOOKMARK [2][-]{subsection.6.2}{Class GithubRawApi}{section.6}% 34
\BOOKMARK [3][-]{subsubsection.6.2.1}{Methods}{subsection.6.2}% 35
\BOOKMARK [3][-]{subsubsection.6.2.2}{Properties}{subsection.6.2}% 36
\BOOKMARK [2][-]{subsection.6.3}{Class GithubApi}{section.6}% 37
\BOOKMARK [3][-]{subsubsection.6.3.1}{Methods}{subsection.6.3}% 38
\BOOKMARK [3][-]{subsubsection.6.3.2}{Properties}{subsection.6.3}% 39
\BOOKMARK [2][-]{subsection.6.4}{Class GithubUser}{section.6}% 40
\BOOKMARK [3][-]{subsubsection.6.4.1}{Methods}{subsection.6.4}% 41
\BOOKMARK [3][-]{subsubsection.6.4.2}{Properties}{subsection.6.4}% 42
\BOOKMARK [2][-]{subsection.6.5}{Class GithubUserRepository}{section.6}% 43
\BOOKMARK [3][-]{subsubsection.6.5.1}{Methods}{subsection.6.5}% 44
\BOOKMARK [3][-]{subsubsection.6.5.2}{Properties}{subsection.6.5}% 45
\BOOKMARK [1][-]{section.7}{Module hal.internet.parser}{}% 46
\BOOKMARK [2][-]{subsection.7.1}{Functions}{section.7}% 47
\BOOKMARK [2][-]{subsection.7.2}{Variables}{section.7}% 48
\BOOKMARK [2][-]{subsection.7.3}{Class HtmlTable}{section.7}% 49
\BOOKMARK [3][-]{subsubsection.7.3.1}{Methods}{subsection.7.3}% 50
\BOOKMARK [3][-]{subsubsection.7.3.2}{Properties}{subsection.7.3}% 51
\BOOKMARK [1][-]{section.8}{Module hal.internet.selenium}{}% 52
\BOOKMARK [2][-]{subsection.8.1}{Variables}{section.8}% 53
\BOOKMARK [2][-]{subsection.8.2}{Class SeleniumForm}{section.8}% 54
\BOOKMARK [3][-]{subsubsection.8.2.1}{Methods}{subsection.8.2}% 55
\BOOKMARK [1][-]{section.9}{Module hal.internet.web}{}% 56
\BOOKMARK [2][-]{subsection.9.1}{Functions}{section.9}% 57
\BOOKMARK [2][-]{subsection.9.2}{Variables}{section.9}% 58
\BOOKMARK [2][-]{subsection.9.3}{Class Webpage}{section.9}% 59
\BOOKMARK [3][-]{subsubsection.9.3.1}{Methods}{subsection.9.3}% 60
\BOOKMARK [3][-]{subsubsection.9.3.2}{Properties}{subsection.9.3}% 61
\BOOKMARK [1][-]{section.10}{Module hal.internet.youtube}{}% 62
\BOOKMARK [2][-]{subsection.10.1}{Functions}{section.10}% 63
\BOOKMARK [2][-]{subsection.10.2}{Variables}{section.10}% 64
\BOOKMARK [1][-]{section.11}{Package hal.maths}{}% 65
\BOOKMARK [2][-]{subsection.11.1}{Modules}{section.11}% 66
\BOOKMARK [2][-]{subsection.11.2}{Variables}{section.11}% 67
\BOOKMARK [1][-]{section.12}{Module hal.maths.crypt}{}% 68
\BOOKMARK [2][-]{subsection.12.1}{Class MD5}{section.12}% 69
\BOOKMARK [3][-]{subsubsection.12.1.1}{Methods}{subsection.12.1}% 70
\BOOKMARK [3][-]{subsubsection.12.1.2}{Properties}{subsection.12.1}% 71
\BOOKMARK [2][-]{subsection.12.2}{Class MD6}{section.12}% 72
\BOOKMARK [3][-]{subsubsection.12.2.1}{Methods}{subsection.12.2}% 73
\BOOKMARK [3][-]{subsubsection.12.2.2}{Properties}{subsection.12.2}% 74
\BOOKMARK [3][-]{subsubsection.12.2.3}{Class Variables}{subsection.12.2}% 75
\BOOKMARK [2][-]{subsection.12.3}{Class SHA}{section.12}% 76
\BOOKMARK [3][-]{subsubsection.12.3.1}{Methods}{subsection.12.3}% 77
\BOOKMARK [3][-]{subsubsection.12.3.2}{Properties}{subsection.12.3}% 78
\BOOKMARK [3][-]{subsubsection.12.3.3}{Class Variables}{subsection.12.3}% 79
\BOOKMARK [2][-]{subsection.12.4}{Class DES}{section.12}% 80
\BOOKMARK [3][-]{subsubsection.12.4.1}{Methods}{subsection.12.4}% 81
\BOOKMARK [3][-]{subsubsection.12.4.2}{Properties}{subsection.12.4}% 82
\BOOKMARK [3][-]{subsubsection.12.4.3}{Class Variables}{subsection.12.4}% 83
\BOOKMARK [2][-]{subsection.12.5}{Class ARC}{section.12}% 84
\BOOKMARK [3][-]{subsubsection.12.5.1}{Methods}{subsection.12.5}% 85
\BOOKMARK [3][-]{subsubsection.12.5.2}{Properties}{subsection.12.5}% 86
\BOOKMARK [3][-]{subsubsection.12.5.3}{Class Variables}{subsection.12.5}% 87
\BOOKMARK [2][-]{subsection.12.6}{Class AES}{section.12}% 88
\BOOKMARK [3][-]{subsubsection.12.6.1}{Methods}{subsection.12.6}% 89
\BOOKMARK [3][-]{subsubsection.12.6.2}{Properties}{subsection.12.6}% 90
\BOOKMARK [2][-]{subsection.12.7}{Class HMAC}{section.12}% 91
\BOOKMARK [3][-]{subsubsection.12.7.1}{Methods}{subsection.12.7}% 92
\BOOKMARK [3][-]{subsubsection.12.7.2}{Properties}{subsection.12.7}% 93
\BOOKMARK [2][-]{subsection.12.8}{Class BLOWFISH}{section.12}% 94
\BOOKMARK [3][-]{subsubsection.12.8.1}{Methods}{subsection.12.8}% 95
\BOOKMARK [3][-]{subsubsection.12.8.2}{Properties}{subsection.12.8}% 96
\BOOKMARK [2][-]{subsection.12.9}{Class IDEA}{section.12}% 97
\BOOKMARK [3][-]{subsubsection.12.9.1}{Methods}{subsection.12.9}% 98
\BOOKMARK [3][-]{subsubsection.12.9.2}{Properties}{subsection.12.9}% 99
\BOOKMARK [2][-]{subsection.12.10}{Class CAST128}{section.12}% 100
\BOOKMARK [3][-]{subsubsection.12.10.1}{Methods}{subsection.12.10}% 101
\BOOKMARK [3][-]{subsubsection.12.10.2}{Properties}{subsection.12.10}% 102
\BOOKMARK [2][-]{subsection.12.11}{Class Dsa}{section.12}% 103
\BOOKMARK [3][-]{subsubsection.12.11.1}{Methods}{subsection.12.11}% 104
\BOOKMARK [3][-]{subsubsection.12.11.2}{Properties}{subsection.12.11}% 105
\BOOKMARK [1][-]{section.13}{Module hal.maths.maths}{}% 106
\BOOKMARK [2][-]{subsection.13.1}{Functions}{section.13}% 107
\BOOKMARK [2][-]{subsection.13.2}{Variables}{section.13}% 108
\BOOKMARK [2][-]{subsection.13.3}{Class Integer}{section.13}% 109
\BOOKMARK [3][-]{subsubsection.13.3.1}{Methods}{subsection.13.3}% 110
\BOOKMARK [3][-]{subsubsection.13.3.2}{Properties}{subsection.13.3}% 111
\BOOKMARK [3][-]{subsubsection.13.3.3}{Class Variables}{subsection.13.3}% 112
\BOOKMARK [2][-]{subsection.13.4}{Class EightQueen}{section.13}% 113
\BOOKMARK [3][-]{subsubsection.13.4.1}{Methods}{subsection.13.4}% 114
\BOOKMARK [3][-]{subsubsection.13.4.2}{Properties}{subsection.13.4}% 115
\BOOKMARK [1][-]{section.14}{Module hal.maths.plotter}{}% 116
\BOOKMARK [2][-]{subsection.14.1}{Class Plot2d}{section.14}% 117
\BOOKMARK [3][-]{subsubsection.14.1.1}{Methods}{subsection.14.1}% 118
\BOOKMARK [3][-]{subsubsection.14.1.2}{Properties}{subsection.14.1}% 119
\BOOKMARK [2][-]{subsection.14.2}{Class Plot3d}{section.14}% 120
\BOOKMARK [3][-]{subsubsection.14.2.1}{Methods}{subsection.14.2}% 121
\BOOKMARK [3][-]{subsubsection.14.2.2}{Properties}{subsection.14.2}% 122
\BOOKMARK [2][-]{subsection.14.3}{Class Plot4d}{section.14}% 123
\BOOKMARK [3][-]{subsubsection.14.3.1}{Methods}{subsection.14.3}% 124
\BOOKMARK [3][-]{subsubsection.14.3.2}{Properties}{subsection.14.3}% 125
\BOOKMARK [1][-]{section.15}{Package hal.ml}{}% 126
\BOOKMARK [2][-]{subsection.15.1}{Modules}{section.15}% 127
\BOOKMARK [2][-]{subsection.15.2}{Variables}{section.15}% 128
\BOOKMARK [1][-]{section.16}{Package hal.ml.analysis}{}% 129
\BOOKMARK [2][-]{subsection.16.1}{Modules}{section.16}% 130
\BOOKMARK [2][-]{subsection.16.2}{Variables}{section.16}% 131
\BOOKMARK [1][-]{section.17}{Module hal.ml.analysis.correlation}{}% 132
\BOOKMARK [2][-]{subsection.17.1}{Functions}{section.17}% 133
\BOOKMARK [1][-]{section.18}{Package hal.ml.data}{}% 134
\BOOKMARK [2][-]{subsection.18.1}{Modules}{section.18}% 135
\BOOKMARK [2][-]{subsection.18.2}{Variables}{section.18}% 136
\BOOKMARK [1][-]{section.19}{Module hal.ml.data.parser}{}% 137
\BOOKMARK [2][-]{subsection.19.1}{Functions}{section.19}% 138
\BOOKMARK [2][-]{subsection.19.2}{Variables}{section.19}% 139
\BOOKMARK [2][-]{subsection.19.3}{Class Parser}{section.19}% 140
\BOOKMARK [3][-]{subsubsection.19.3.1}{Methods}{subsection.19.3}% 141
\BOOKMARK [3][-]{subsubsection.19.3.2}{Properties}{subsection.19.3}% 142
\BOOKMARK [2][-]{subsection.19.4}{Class CSVParser}{section.19}% 143
\BOOKMARK [3][-]{subsubsection.19.4.1}{Methods}{subsection.19.4}% 144
\BOOKMARK [3][-]{subsubsection.19.4.2}{Properties}{subsection.19.4}% 145
\BOOKMARK [1][-]{section.20}{Module hal.ml.features}{}% 146
\BOOKMARK [2][-]{subsection.20.1}{Functions}{section.20}% 147
\BOOKMARK [1][-]{section.21}{Package hal.ml.models}{}% 148
\BOOKMARK [2][-]{subsection.21.1}{Modules}{section.21}% 149
\BOOKMARK [2][-]{subsection.21.2}{Variables}{section.21}% 150
\BOOKMARK [1][-]{section.22}{Module hal.ml.models.classification}{}% 151
\BOOKMARK [2][-]{subsection.22.1}{Functions}{section.22}% 152
\BOOKMARK [1][-]{section.23}{Module hal.ml.models.pipelined}{}% 153
\BOOKMARK [2][-]{subsection.23.1}{Functions}{section.23}% 154
\BOOKMARK [1][-]{section.24}{Module hal.ml.models.regression}{}% 155
\BOOKMARK [2][-]{subsection.24.1}{Functions}{section.24}% 156
\BOOKMARK [1][-]{section.25}{Module hal.ml.models.time\137series}{}% 157
\BOOKMARK [2][-]{subsection.25.1}{Functions}{section.25}% 158
\BOOKMARK [1][-]{section.26}{Module hal.ml.predict}{}% 159
\BOOKMARK [2][-]{subsection.26.1}{Class BasePrediction}{section.26}% 160
\BOOKMARK [3][-]{subsubsection.26.1.1}{Methods}{subsection.26.1}% 161
\BOOKMARK [3][-]{subsubsection.26.1.2}{Properties}{subsection.26.1}% 162
\BOOKMARK [1][-]{section.27}{Package hal.ml.utils}{}% 163
\BOOKMARK [2][-]{subsection.27.1}{Modules}{section.27}% 164
\BOOKMARK [2][-]{subsection.27.2}{Variables}{section.27}% 165
\BOOKMARK [1][-]{section.28}{Module hal.ml.utils.matrix}{}% 166
\BOOKMARK [2][-]{subsection.28.1}{Functions}{section.28}% 167
\BOOKMARK [1][-]{section.29}{Module hal.ml.utils.misc}{}% 168
\BOOKMARK [2][-]{subsection.29.1}{Functions}{section.29}% 169
\BOOKMARK [1][-]{section.30}{Package hal.profile}{}% 170
\BOOKMARK [2][-]{subsection.30.1}{Modules}{section.30}% 171
\BOOKMARK [2][-]{subsection.30.2}{Variables}{section.30}% 172
\BOOKMARK [1][-]{section.31}{Module hal.profile.performance}{}% 173
\BOOKMARK [2][-]{subsection.31.1}{Class EightQueenTest}{section.31}% 174
\BOOKMARK [3][-]{subsubsection.31.1.1}{Methods}{subsection.31.1}% 175
\BOOKMARK [3][-]{subsubsection.31.1.2}{Properties}{subsection.31.1}% 176
\BOOKMARK [1][-]{section.32}{Package hal.strings}{}% 177
\BOOKMARK [2][-]{subsection.32.1}{Modules}{section.32}% 178
\BOOKMARK [2][-]{subsection.32.2}{Variables}{section.32}% 179
\BOOKMARK [1][-]{section.33}{Module hal.strings.utils}{}% 180
\BOOKMARK [2][-]{subsection.33.1}{Functions}{section.33}% 181
\BOOKMARK [2][-]{subsection.33.2}{Variables}{section.33}% 182
\BOOKMARK [1][-]{section.34}{Package hal.wrappers}{}% 183
\BOOKMARK [2][-]{subsection.34.1}{Modules}{section.34}% 184
\BOOKMARK [2][-]{subsection.34.2}{Variables}{section.34}% 185
\BOOKMARK [1][-]{section.35}{Module hal.wrappers.methods}{}% 186
\BOOKMARK [2][-]{subsection.35.1}{Functions}{section.35}% 187
\BOOKMARK [1][-]{section*.2}{Index}{}% 188
