\BOOKMARK [1][-]{section*.1}{Contents}{}% 1
\BOOKMARK [1][-]{section.1}{Package hal}{}% 2
\BOOKMARK [2][-]{subsection.1.1}{Modules}{section.1}% 3
\BOOKMARK [2][-]{subsection.1.2}{Variables}{section.1}% 4
\BOOKMARK [1][-]{section.2}{Package hal.files}{}% 5
\BOOKMARK [2][-]{subsection.2.1}{Modules}{section.2}% 6
\BOOKMARK [2][-]{subsection.2.2}{Variables}{section.2}% 7
\BOOKMARK [1][-]{section.3}{Module hal.files.models}{}% 8
\BOOKMARK [2][-]{subsection.3.1}{Variables}{section.3}% 9
\BOOKMARK [2][-]{subsection.3.2}{Class FileSystem}{section.3}% 10
\BOOKMARK [3][-]{subsubsection.3.2.1}{Methods}{subsection.3.2}% 11
\BOOKMARK [3][-]{subsubsection.3.2.2}{Properties}{subsection.3.2}% 12
\BOOKMARK [2][-]{subsection.3.3}{Class Document}{section.3}% 13
\BOOKMARK [3][-]{subsubsection.3.3.1}{Methods}{subsection.3.3}% 14
\BOOKMARK [3][-]{subsubsection.3.3.2}{Properties}{subsection.3.3}% 15
\BOOKMARK [2][-]{subsection.3.4}{Class Directory}{section.3}% 16
\BOOKMARK [3][-]{subsubsection.3.4.1}{Methods}{subsection.3.4}% 17
\BOOKMARK [3][-]{subsubsection.3.4.2}{Properties}{subsection.3.4}% 18
\BOOKMARK [2][-]{subsection.3.5}{Class MP3Song}{section.3}% 19
\BOOKMARK [3][-]{subsubsection.3.5.1}{Methods}{subsection.3.5}% 20
\BOOKMARK [3][-]{subsubsection.3.5.2}{Properties}{subsection.3.5}% 21
\BOOKMARK [1][-]{section.4}{Package hal.internet}{}% 22
\BOOKMARK [2][-]{subsection.4.1}{Modules}{section.4}% 23
\BOOKMARK [2][-]{subsection.4.2}{Variables}{section.4}% 24
\BOOKMARK [1][-]{section.5}{Module hal.internet.engines}{}% 25
\BOOKMARK [2][-]{subsection.5.1}{Class SearchEngineResult}{section.5}% 26
\BOOKMARK [3][-]{subsubsection.5.1.1}{Methods}{subsection.5.1}% 27
\BOOKMARK [3][-]{subsubsection.5.1.2}{Properties}{subsection.5.1}% 28
\BOOKMARK [2][-]{subsection.5.2}{Class SearchEngine}{section.5}% 29
\BOOKMARK [3][-]{subsubsection.5.2.1}{Methods}{subsection.5.2}% 30
\BOOKMARK [3][-]{subsubsection.5.2.2}{Properties}{subsection.5.2}% 31
\BOOKMARK [1][-]{section.6}{Module hal.internet.parser}{}% 32
\BOOKMARK [2][-]{subsection.6.1}{Functions}{section.6}% 33
\BOOKMARK [2][-]{subsection.6.2}{Variables}{section.6}% 34
\BOOKMARK [2][-]{subsection.6.3}{Class HtmlTable}{section.6}% 35
\BOOKMARK [3][-]{subsubsection.6.3.1}{Methods}{subsection.6.3}% 36
\BOOKMARK [3][-]{subsubsection.6.3.2}{Properties}{subsection.6.3}% 37
\BOOKMARK [1][-]{section.7}{Module hal.internet.selenium}{}% 38
\BOOKMARK [2][-]{subsection.7.1}{Variables}{section.7}% 39
\BOOKMARK [2][-]{subsection.7.2}{Class SeleniumForm}{section.7}% 40
\BOOKMARK [3][-]{subsubsection.7.2.1}{Methods}{subsection.7.2}% 41
\BOOKMARK [1][-]{section.8}{Module hal.internet.web}{}% 42
\BOOKMARK [2][-]{subsection.8.1}{Functions}{section.8}% 43
\BOOKMARK [2][-]{subsection.8.2}{Variables}{section.8}% 44
\BOOKMARK [2][-]{subsection.8.3}{Class Webpage}{section.8}% 45
\BOOKMARK [3][-]{subsubsection.8.3.1}{Methods}{subsection.8.3}% 46
\BOOKMARK [3][-]{subsubsection.8.3.2}{Properties}{subsection.8.3}% 47
\BOOKMARK [1][-]{section.9}{Module hal.internet.youtube}{}% 48
\BOOKMARK [2][-]{subsection.9.1}{Functions}{section.9}% 49
\BOOKMARK [1][-]{section.10}{Package hal.maths}{}% 50
\BOOKMARK [2][-]{subsection.10.1}{Modules}{section.10}% 51
\BOOKMARK [2][-]{subsection.10.2}{Variables}{section.10}% 52
\BOOKMARK [1][-]{section.11}{Module hal.maths.crypt}{}% 53
\BOOKMARK [2][-]{subsection.11.1}{Class MD5}{section.11}% 54
\BOOKMARK [3][-]{subsubsection.11.1.1}{Methods}{subsection.11.1}% 55
\BOOKMARK [3][-]{subsubsection.11.1.2}{Properties}{subsection.11.1}% 56
\BOOKMARK [2][-]{subsection.11.2}{Class MD6}{section.11}% 57
\BOOKMARK [3][-]{subsubsection.11.2.1}{Methods}{subsection.11.2}% 58
\BOOKMARK [3][-]{subsubsection.11.2.2}{Properties}{subsection.11.2}% 59
\BOOKMARK [3][-]{subsubsection.11.2.3}{Class Variables}{subsection.11.2}% 60
\BOOKMARK [2][-]{subsection.11.3}{Class SHA}{section.11}% 61
\BOOKMARK [3][-]{subsubsection.11.3.1}{Methods}{subsection.11.3}% 62
\BOOKMARK [3][-]{subsubsection.11.3.2}{Properties}{subsection.11.3}% 63
\BOOKMARK [3][-]{subsubsection.11.3.3}{Class Variables}{subsection.11.3}% 64
\BOOKMARK [2][-]{subsection.11.4}{Class DES}{section.11}% 65
\BOOKMARK [3][-]{subsubsection.11.4.1}{Methods}{subsection.11.4}% 66
\BOOKMARK [3][-]{subsubsection.11.4.2}{Properties}{subsection.11.4}% 67
\BOOKMARK [3][-]{subsubsection.11.4.3}{Class Variables}{subsection.11.4}% 68
\BOOKMARK [2][-]{subsection.11.5}{Class ARC}{section.11}% 69
\BOOKMARK [3][-]{subsubsection.11.5.1}{Methods}{subsection.11.5}% 70
\BOOKMARK [3][-]{subsubsection.11.5.2}{Properties}{subsection.11.5}% 71
\BOOKMARK [3][-]{subsubsection.11.5.3}{Class Variables}{subsection.11.5}% 72
\BOOKMARK [2][-]{subsection.11.6}{Class AES}{section.11}% 73
\BOOKMARK [3][-]{subsubsection.11.6.1}{Methods}{subsection.11.6}% 74
\BOOKMARK [3][-]{subsubsection.11.6.2}{Properties}{subsection.11.6}% 75
\BOOKMARK [2][-]{subsection.11.7}{Class HMAC}{section.11}% 76
\BOOKMARK [3][-]{subsubsection.11.7.1}{Methods}{subsection.11.7}% 77
\BOOKMARK [3][-]{subsubsection.11.7.2}{Properties}{subsection.11.7}% 78
\BOOKMARK [2][-]{subsection.11.8}{Class BLOWFISH}{section.11}% 79
\BOOKMARK [3][-]{subsubsection.11.8.1}{Methods}{subsection.11.8}% 80
\BOOKMARK [3][-]{subsubsection.11.8.2}{Properties}{subsection.11.8}% 81
\BOOKMARK [2][-]{subsection.11.9}{Class IDEA}{section.11}% 82
\BOOKMARK [3][-]{subsubsection.11.9.1}{Methods}{subsection.11.9}% 83
\BOOKMARK [3][-]{subsubsection.11.9.2}{Properties}{subsection.11.9}% 84
\BOOKMARK [2][-]{subsection.11.10}{Class CAST128}{section.11}% 85
\BOOKMARK [3][-]{subsubsection.11.10.1}{Methods}{subsection.11.10}% 86
\BOOKMARK [3][-]{subsubsection.11.10.2}{Properties}{subsection.11.10}% 87
\BOOKMARK [2][-]{subsection.11.11}{Class Dsa}{section.11}% 88
\BOOKMARK [3][-]{subsubsection.11.11.1}{Methods}{subsection.11.11}% 89
\BOOKMARK [3][-]{subsubsection.11.11.2}{Properties}{subsection.11.11}% 90
\BOOKMARK [1][-]{section.12}{Module hal.maths.maths}{}% 91
\BOOKMARK [2][-]{subsection.12.1}{Functions}{section.12}% 92
\BOOKMARK [2][-]{subsection.12.2}{Variables}{section.12}% 93
\BOOKMARK [2][-]{subsection.12.3}{Class Integer}{section.12}% 94
\BOOKMARK [3][-]{subsubsection.12.3.1}{Methods}{subsection.12.3}% 95
\BOOKMARK [3][-]{subsubsection.12.3.2}{Properties}{subsection.12.3}% 96
\BOOKMARK [3][-]{subsubsection.12.3.3}{Class Variables}{subsection.12.3}% 97
\BOOKMARK [2][-]{subsection.12.4}{Class EightQueen}{section.12}% 98
\BOOKMARK [3][-]{subsubsection.12.4.1}{Methods}{subsection.12.4}% 99
\BOOKMARK [3][-]{subsubsection.12.4.2}{Properties}{subsection.12.4}% 100
\BOOKMARK [1][-]{section.13}{Module hal.maths.plotter}{}% 101
\BOOKMARK [2][-]{subsection.13.1}{Class Plot2d}{section.13}% 102
\BOOKMARK [3][-]{subsubsection.13.1.1}{Methods}{subsection.13.1}% 103
\BOOKMARK [3][-]{subsubsection.13.1.2}{Properties}{subsection.13.1}% 104
\BOOKMARK [2][-]{subsection.13.2}{Class Plot3d}{section.13}% 105
\BOOKMARK [3][-]{subsubsection.13.2.1}{Methods}{subsection.13.2}% 106
\BOOKMARK [3][-]{subsubsection.13.2.2}{Properties}{subsection.13.2}% 107
\BOOKMARK [2][-]{subsection.13.3}{Class Plot4d}{section.13}% 108
\BOOKMARK [3][-]{subsubsection.13.3.1}{Methods}{subsection.13.3}% 109
\BOOKMARK [3][-]{subsubsection.13.3.2}{Properties}{subsection.13.3}% 110
\BOOKMARK [1][-]{section.14}{Package hal.ml}{}% 111
\BOOKMARK [2][-]{subsection.14.1}{Modules}{section.14}% 112
\BOOKMARK [2][-]{subsection.14.2}{Variables}{section.14}% 113
\BOOKMARK [1][-]{section.15}{Package hal.ml.data}{}% 114
\BOOKMARK [2][-]{subsection.15.1}{Modules}{section.15}% 115
\BOOKMARK [2][-]{subsection.15.2}{Variables}{section.15}% 116
\BOOKMARK [1][-]{section.16}{Module hal.ml.data.parser}{}% 117
\BOOKMARK [2][-]{subsection.16.1}{Variables}{section.16}% 118
\BOOKMARK [2][-]{subsection.16.2}{Class Parser}{section.16}% 119
\BOOKMARK [3][-]{subsubsection.16.2.1}{Methods}{subsection.16.2}% 120
\BOOKMARK [3][-]{subsubsection.16.2.2}{Properties}{subsection.16.2}% 121
\BOOKMARK [2][-]{subsection.16.3}{Class CSVParser}{section.16}% 122
\BOOKMARK [3][-]{subsubsection.16.3.1}{Methods}{subsection.16.3}% 123
\BOOKMARK [3][-]{subsubsection.16.3.2}{Properties}{subsection.16.3}% 124
\BOOKMARK [1][-]{section.17}{Module hal.ml.features}{}% 125
\BOOKMARK [2][-]{subsection.17.1}{Functions}{section.17}% 126
\BOOKMARK [1][-]{section.18}{Package hal.ml.models}{}% 127
\BOOKMARK [2][-]{subsection.18.1}{Modules}{section.18}% 128
\BOOKMARK [2][-]{subsection.18.2}{Variables}{section.18}% 129
\BOOKMARK [1][-]{section.19}{Module hal.ml.models.classification}{}% 130
\BOOKMARK [2][-]{subsection.19.1}{Functions}{section.19}% 131
\BOOKMARK [1][-]{section.20}{Module hal.ml.models.pipelined}{}% 132
\BOOKMARK [2][-]{subsection.20.1}{Functions}{section.20}% 133
\BOOKMARK [1][-]{section.21}{Module hal.ml.models.regression}{}% 134
\BOOKMARK [2][-]{subsection.21.1}{Functions}{section.21}% 135
\BOOKMARK [1][-]{section.22}{Module hal.ml.models.time\137series}{}% 136
\BOOKMARK [2][-]{subsection.22.1}{Functions}{section.22}% 137
\BOOKMARK [1][-]{section.23}{Module hal.ml.predict}{}% 138
\BOOKMARK [2][-]{subsection.23.1}{Class BasePrediction}{section.23}% 139
\BOOKMARK [3][-]{subsubsection.23.1.1}{Methods}{subsection.23.1}% 140
\BOOKMARK [3][-]{subsubsection.23.1.2}{Properties}{subsection.23.1}% 141
\BOOKMARK [1][-]{section.24}{Module hal.ml.utils}{}% 142
\BOOKMARK [2][-]{subsection.24.1}{Functions}{section.24}% 143
\BOOKMARK [1][-]{section.25}{Package hal.profile}{}% 144
\BOOKMARK [2][-]{subsection.25.1}{Modules}{section.25}% 145
\BOOKMARK [2][-]{subsection.25.2}{Variables}{section.25}% 146
\BOOKMARK [1][-]{section.26}{Module hal.profile.performance}{}% 147
\BOOKMARK [2][-]{subsection.26.1}{Variables}{section.26}% 148
\BOOKMARK [2][-]{subsection.26.2}{Class EightQueenTest}{section.26}% 149
\BOOKMARK [3][-]{subsubsection.26.2.1}{Methods}{subsection.26.2}% 150
\BOOKMARK [3][-]{subsubsection.26.2.2}{Properties}{subsection.26.2}% 151
\BOOKMARK [1][-]{section.27}{Package hal.wrappers}{}% 152
\BOOKMARK [2][-]{subsection.27.1}{Modules}{section.27}% 153
\BOOKMARK [2][-]{subsection.27.2}{Variables}{section.27}% 154
\BOOKMARK [1][-]{section.28}{Module hal.wrappers.methods}{}% 155
\BOOKMARK [2][-]{subsection.28.1}{Functions}{section.28}% 156
\BOOKMARK [1][-]{section*.2}{Index}{}% 157
